22:16:51.708 [main] INFO  o.s.c.a.AnnotationConfigApplicationContext - Refreshing org.springframework.context.annotation.AnnotationConfigApplicationContext@5af3afd9: startup date [Fri Jan 12 22:16:51 CST 2018]; root of context hierarchy
22:16:51.885 [main] INFO  o.s.b.f.a.AutowiredAnnotationBeanPostProcessor - JSR-330 'javax.inject.Inject' annotation found and supported for autowiring
22:16:51.914 [background-preinit] INFO  o.h.validator.internal.util.Version - HV000001: Hibernate Validator 5.3.6.Final
22:16:51.916 [main] INFO  o.s.c.s.PostProcessorRegistrationDelegate$BeanPostProcessorChecker - Bean 'configurationPropertiesRebinderAutoConfiguration' of type [org.springframework.cloud.autoconfigure.ConfigurationPropertiesRebinderAutoConfiguration$$EnhancerBySpringCGLIB$$b5ba489f] is not eligible for getting processed by all BeanPostProcessors (for example: not eligible for auto-proxying)
22:16:52.198 [main] INFO  c.k.book.product.ProductApplication - No active profile set, falling back to default profiles: default
22:16:52.210 [main] INFO  o.s.b.c.e.AnnotationConfigEmbeddedWebApplicationContext - Refreshing org.springframework.boot.context.embedded.AnnotationConfigEmbeddedWebApplicationContext@4b1d6571: startup date [Fri Jan 12 22:16:52 CST 2018]; parent: org.springframework.context.annotation.AnnotationConfigApplicationContext@5af3afd9
22:16:52.695 [main] INFO  o.s.cloud.context.scope.GenericScope - BeanFactory id=0bdf6869-5917-3262-bec1-f301a68375e5
22:16:52.708 [main] INFO  o.s.b.f.a.AutowiredAnnotationBeanPostProcessor - JSR-330 'javax.inject.Inject' annotation found and supported for autowiring
22:16:52.751 [main] INFO  o.s.c.s.PostProcessorRegistrationDelegate$BeanPostProcessorChecker - Bean 'org.springframework.cloud.autoconfigure.ConfigurationPropertiesRebinderAutoConfiguration' of type [org.springframework.cloud.autoconfigure.ConfigurationPropertiesRebinderAutoConfiguration$$EnhancerBySpringCGLIB$$b5ba489f] is not eligible for getting processed by all BeanPostProcessors (for example: not eligible for auto-proxying)
22:16:53.064 [main] INFO  o.s.b.c.e.t.TomcatEmbeddedServletContainer - Tomcat initialized with port(s): 8083 (http)
22:16:53.074 [main] INFO  o.a.catalina.core.StandardService - Starting service [Tomcat]
22:16:53.075 [main] INFO  o.a.catalina.core.StandardEngine - Starting Servlet Engine: Apache Tomcat/8.5.23
22:16:53.196 [localhost-startStop-1] INFO  o.a.c.c.C.[Tomcat].[localhost].[/] - Initializing Spring embedded WebApplicationContext
22:16:53.196 [localhost-startStop-1] INFO  o.s.web.context.ContextLoader - Root WebApplicationContext: initialization completed in 986 ms
22:16:53.314 [localhost-startStop-1] INFO  o.s.b.w.s.ServletRegistrationBean - Mapping servlet: 'dispatcherServlet' to [/]
22:16:53.319 [localhost-startStop-1] INFO  o.s.b.w.s.FilterRegistrationBean - Mapping filter: 'characterEncodingFilter' to: [/*]
22:16:53.320 [localhost-startStop-1] INFO  o.s.b.w.s.FilterRegistrationBean - Mapping filter: 'hiddenHttpMethodFilter' to: [/*]
22:16:53.320 [localhost-startStop-1] INFO  o.s.b.w.s.FilterRegistrationBean - Mapping filter: 'httpPutFormContentFilter' to: [/*]
22:16:53.320 [localhost-startStop-1] INFO  o.s.b.w.s.FilterRegistrationBean - Mapping filter: 'requestContextFilter' to: [/*]
22:16:53.614 [main] WARN  c.n.c.sources.URLConfigurationSource - No URLs will be polled as dynamic configuration sources.
22:16:53.614 [main] INFO  c.n.c.sources.URLConfigurationSource - To enable URLs as dynamic configuration sources, define System property archaius.configurationSource.additionalUrls or make config.properties available on classpath.
22:16:53.619 [main] WARN  c.n.c.sources.URLConfigurationSource - No URLs will be polled as dynamic configuration sources.
22:16:53.619 [main] INFO  c.n.c.sources.URLConfigurationSource - To enable URLs as dynamic configuration sources, define System property archaius.configurationSource.additionalUrls or make config.properties available on classpath.
22:16:53.780 [main] INFO  o.s.w.s.m.m.a.RequestMappingHandlerAdapter - Looking for @ControllerAdvice: org.springframework.boot.context.embedded.AnnotationConfigEmbeddedWebApplicationContext@4b1d6571: startup date [Fri Jan 12 22:16:52 CST 2018]; parent: org.springframework.context.annotation.AnnotationConfigApplicationContext@5af3afd9
22:16:53.837 [main] INFO  o.s.w.s.m.m.a.RequestMappingHandlerMapping - Mapped "{[/test]}" onto public java.lang.String com.konghao.book.product.controller.TestController.test()
22:16:53.842 [main] INFO  o.s.w.s.m.m.a.RequestMappingHandlerMapping - Mapped "{[/product/list],methods=[GET]}" onto public java.util.List<com.konghao.book.product.domain.Product> com.konghao.book.product.facade.ProductFacadeImpl.listProduct()
22:16:53.842 [main] INFO  o.s.w.s.m.m.a.RequestMappingHandlerMapping - Mapped "{[/product/get2],methods=[GET]}" onto public com.konghao.book.product.domain.Product com.konghao.book.product.facade.ProductFacadeImpl.getProduct2(int,java.lang.String)
22:16:53.843 [main] INFO  o.s.w.s.m.m.a.RequestMappingHandlerMapping - Mapped "{[/product/get],methods=[GET]}" onto public com.konghao.book.product.domain.Product com.konghao.book.product.facade.ProductFacadeImpl.getProduct(int)
22:16:53.843 [main] INFO  o.s.w.s.m.m.a.RequestMappingHandlerMapping - Mapped "{[/product/add],methods=[POST],consumes=[application/json]}" onto public com.konghao.book.product.domain.Product com.konghao.book.product.facade.ProductFacadeImpl.addProduct(com.konghao.book.product.domain.Product)
22:16:53.843 [main] INFO  o.s.w.s.m.m.a.RequestMappingHandlerMapping - Mapped "{[/product/get1],methods=[GET],consumes=[application/json]}" onto public com.konghao.book.product.domain.Product com.konghao.book.product.facade.ProductFacadeImpl.getProduct1(com.konghao.book.product.domain.Product)
22:16:53.845 [main] INFO  o.s.w.s.m.m.a.RequestMappingHandlerMapping - Mapped "{[/error]}" onto public org.springframework.http.ResponseEntity<java.util.Map<java.lang.String, java.lang.Object>> org.springframework.boot.autoconfigure.web.BasicErrorController.error(javax.servlet.http.HttpServletRequest)
22:16:53.845 [main] INFO  o.s.w.s.m.m.a.RequestMappingHandlerMapping - Mapped "{[/error],produces=[text/html]}" onto public org.springframework.web.servlet.ModelAndView org.springframework.boot.autoconfigure.web.BasicErrorController.errorHtml(javax.servlet.http.HttpServletRequest,javax.servlet.http.HttpServletResponse)
22:16:53.871 [main] INFO  o.s.w.s.h.SimpleUrlHandlerMapping - Mapped URL path [/webjars/**] onto handler of type [class org.springframework.web.servlet.resource.ResourceHttpRequestHandler]
22:16:53.871 [main] INFO  o.s.w.s.h.SimpleUrlHandlerMapping - Mapped URL path [/**] onto handler of type [class org.springframework.web.servlet.resource.ResourceHttpRequestHandler]
22:16:53.910 [main] INFO  o.s.w.s.h.SimpleUrlHandlerMapping - Mapped URL path [/**/favicon.ico] onto handler of type [class org.springframework.web.servlet.resource.ResourceHttpRequestHandler]
22:16:54.225 [main] INFO  o.s.j.e.a.AnnotationMBeanExporter - Registering beans for JMX exposure on startup
22:16:54.234 [main] INFO  o.s.j.e.a.AnnotationMBeanExporter - Bean with name 'environmentManager' has been autodetected for JMX exposure
22:16:54.236 [main] INFO  o.s.j.e.a.AnnotationMBeanExporter - Bean with name 'configurationPropertiesRebinder' has been autodetected for JMX exposure
22:16:54.237 [main] INFO  o.s.j.e.a.AnnotationMBeanExporter - Bean with name 'refreshScope' has been autodetected for JMX exposure
22:16:54.239 [main] INFO  o.s.j.e.a.AnnotationMBeanExporter - Located managed bean 'environmentManager': registering with JMX server as MBean [org.springframework.cloud.context.environment:name=environmentManager,type=EnvironmentManager]
22:16:54.248 [main] INFO  o.s.j.e.a.AnnotationMBeanExporter - Located managed bean 'refreshScope': registering with JMX server as MBean [org.springframework.cloud.context.scope.refresh:name=refreshScope,type=RefreshScope]
22:16:54.256 [main] INFO  o.s.j.e.a.AnnotationMBeanExporter - Located managed bean 'configurationPropertiesRebinder': registering with JMX server as MBean [org.springframework.cloud.context.properties:name=configurationPropertiesRebinder,context=4b1d6571,type=ConfigurationPropertiesRebinder]
22:16:54.320 [main] INFO  o.s.c.s.DefaultLifecycleProcessor - Starting beans in phase 0
22:16:54.327 [main] INFO  o.s.c.n.eureka.InstanceInfoFactory - Setting initial instance status as: STARTING
22:16:54.369 [main] INFO  c.netflix.discovery.DiscoveryClient - Initializing Eureka in region us-east-1
22:16:54.682 [main] INFO  c.n.d.p.DiscoveryJerseyProvider - Using JSON encoding codec LegacyJacksonJson
22:16:54.683 [main] INFO  c.n.d.p.DiscoveryJerseyProvider - Using JSON decoding codec LegacyJacksonJson
22:16:54.756 [main] INFO  c.n.d.p.DiscoveryJerseyProvider - Using XML encoding codec XStreamXml
22:16:54.756 [main] INFO  c.n.d.p.DiscoveryJerseyProvider - Using XML decoding codec XStreamXml
22:16:54.880 [main] INFO  c.n.d.s.r.aws.ConfigClusterResolver - Resolving eureka endpoints via configuration
22:16:54.933 [main] INFO  c.netflix.discovery.DiscoveryClient - Disable delta property : false
22:16:54.933 [main] INFO  c.netflix.discovery.DiscoveryClient - Single vip registry refresh property : null
22:16:54.933 [main] INFO  c.netflix.discovery.DiscoveryClient - Force full registry fetch : false
22:16:54.934 [main] INFO  c.netflix.discovery.DiscoveryClient - Application is null : false
22:16:54.934 [main] INFO  c.netflix.discovery.DiscoveryClient - Registered Applications size is zero : true
22:16:54.934 [main] INFO  c.netflix.discovery.DiscoveryClient - Application version is -1: true
22:16:54.934 [main] INFO  c.netflix.discovery.DiscoveryClient - Getting all instance registry info from the eureka server
22:16:55.094 [main] INFO  c.netflix.discovery.DiscoveryClient - The response status is 200
22:16:55.096 [main] INFO  c.netflix.discovery.DiscoveryClient - Starting heartbeat executor: renew interval is: 30
22:16:55.099 [main] INFO  c.n.discovery.InstanceInfoReplicator - InstanceInfoReplicator onDemand update allowed rate per min is 4
22:16:55.102 [main] INFO  c.netflix.discovery.DiscoveryClient - Discovery Client initialized at timestamp 1515766615102 with initial instances count: 14
22:16:55.128 [main] INFO  o.s.c.n.e.s.EurekaServiceRegistry - Registering application e-book-product with eureka with status UP
22:16:55.129 [main] INFO  c.netflix.discovery.DiscoveryClient - Saw local status change event StatusChangeEvent [timestamp=1515766615129, current=UP, previous=STARTING]
22:16:55.130 [DiscoveryClient-InstanceInfoReplicator-0] INFO  c.netflix.discovery.DiscoveryClient - DiscoveryClient_E-BOOK-PRODUCT/DESKTOP-CCLRIAF:e-book-product:8083: registering service...
22:16:55.143 [main] INFO  o.a.coyote.http11.Http11NioProtocol - Initializing ProtocolHandler ["http-nio-8083"]
22:16:55.154 [main] INFO  o.a.coyote.http11.Http11NioProtocol - Starting ProtocolHandler ["http-nio-8083"]
22:16:55.158 [DiscoveryClient-InstanceInfoReplicator-0] INFO  c.netflix.discovery.DiscoveryClient - DiscoveryClient_E-BOOK-PRODUCT/DESKTOP-CCLRIAF:e-book-product:8083 - registration status: 204
22:16:55.163 [main] INFO  o.a.tomcat.util.net.NioSelectorPool - Using a shared selector for servlet write/read
22:16:55.179 [main] INFO  o.s.b.c.e.t.TomcatEmbeddedServletContainer - Tomcat started on port(s): 8083 (http)
22:16:55.180 [main] INFO  o.s.c.n.e.s.EurekaAutoServiceRegistration - Updating port to 8083
22:16:55.183 [main] INFO  c.k.book.product.ProductApplication - Started ProductApplication in 3.753 seconds (JVM running for 4.094)
