19:08:55.386 [main] INFO  o.s.c.a.AnnotationConfigApplicationContext - Refreshing org.springframework.context.annotation.AnnotationConfigApplicationContext@4466af20: startup date [Thu Jan 11 19:08:55 CST 2018]; root of context hierarchy
19:08:55.725 [background-preinit] INFO  o.h.validator.internal.util.Version - HV000001: Hibernate Validator 5.3.6.Final
19:08:55.745 [main] INFO  o.s.b.f.a.AutowiredAnnotationBeanPostProcessor - JSR-330 'javax.inject.Inject' annotation found and supported for autowiring
19:08:55.793 [main] INFO  o.s.c.s.PostProcessorRegistrationDelegate$BeanPostProcessorChecker - Bean 'configurationPropertiesRebinderAutoConfiguration' of type [org.springframework.cloud.autoconfigure.ConfigurationPropertiesRebinderAutoConfiguration$$EnhancerBySpringCGLIB$$2abac970] is not eligible for getting processed by all BeanPostProcessors (for example: not eligible for auto-proxying)
19:08:56.091 [main] INFO  c.k.b.consumer.ConsumerApplication - No active profile set, falling back to default profiles: default
19:08:56.102 [main] INFO  o.s.b.c.e.AnnotationConfigEmbeddedWebApplicationContext - Refreshing org.springframework.boot.context.embedded.AnnotationConfigEmbeddedWebApplicationContext@1b835480: startup date [Thu Jan 11 19:08:56 CST 2018]; parent: org.springframework.context.annotation.AnnotationConfigApplicationContext@4466af20
19:08:56.979 [main] INFO  o.s.cloud.context.scope.GenericScope - BeanFactory id=e6642d52-aa0b-3e22-a860-2e980c19e885
19:08:56.994 [main] INFO  o.s.b.f.a.AutowiredAnnotationBeanPostProcessor - JSR-330 'javax.inject.Inject' annotation found and supported for autowiring
19:08:57.014 [main] INFO  o.s.c.s.PostProcessorRegistrationDelegate$BeanPostProcessorChecker - Bean 'com.konghao.book.consumer.service.ProductService' of type [org.springframework.cloud.netflix.feign.FeignClientFactoryBean] is not eligible for getting processed by all BeanPostProcessors (for example: not eligible for auto-proxying)
19:08:57.034 [main] INFO  o.s.c.s.PostProcessorRegistrationDelegate$BeanPostProcessorChecker - Bean 'org.springframework.cloud.autoconfigure.ConfigurationPropertiesRebinderAutoConfiguration' of type [org.springframework.cloud.autoconfigure.ConfigurationPropertiesRebinderAutoConfiguration$$EnhancerBySpringCGLIB$$2abac970] is not eligible for getting processed by all BeanPostProcessors (for example: not eligible for auto-proxying)
19:08:57.293 [main] INFO  o.s.b.c.e.t.TomcatEmbeddedServletContainer - Tomcat initialized with port(s): 8090 (http)
19:08:57.300 [main] INFO  o.a.catalina.core.StandardService - Starting service [Tomcat]
19:08:57.301 [main] INFO  o.a.catalina.core.StandardEngine - Starting Servlet Engine: Apache Tomcat/8.5.23
19:08:57.402 [localhost-startStop-1] INFO  o.a.c.c.C.[Tomcat].[localhost].[/] - Initializing Spring embedded WebApplicationContext
19:08:57.402 [localhost-startStop-1] INFO  o.s.web.context.ContextLoader - Root WebApplicationContext: initialization completed in 1300 ms
19:08:57.500 [localhost-startStop-1] INFO  o.s.b.w.s.ServletRegistrationBean - Mapping servlet: 'dispatcherServlet' to [/]
19:08:57.504 [localhost-startStop-1] INFO  o.s.b.w.s.FilterRegistrationBean - Mapping filter: 'characterEncodingFilter' to: [/*]
19:08:57.504 [localhost-startStop-1] INFO  o.s.b.w.s.FilterRegistrationBean - Mapping filter: 'hiddenHttpMethodFilter' to: [/*]
19:08:57.504 [localhost-startStop-1] INFO  o.s.b.w.s.FilterRegistrationBean - Mapping filter: 'httpPutFormContentFilter' to: [/*]
19:08:57.504 [localhost-startStop-1] INFO  o.s.b.w.s.FilterRegistrationBean - Mapping filter: 'requestContextFilter' to: [/*]
19:08:57.538 [main] INFO  o.s.c.a.AnnotationConfigApplicationContext - Refreshing org.springframework.context.annotation.AnnotationConfigApplicationContext@5d39f2d8: startup date [Thu Jan 11 19:08:57 CST 2018]; parent: org.springframework.boot.context.embedded.AnnotationConfigEmbeddedWebApplicationContext@1b835480
19:08:57.555 [main] INFO  o.s.b.f.a.AutowiredAnnotationBeanPostProcessor - JSR-330 'javax.inject.Inject' annotation found and supported for autowiring
19:08:57.965 [main] WARN  c.n.c.sources.URLConfigurationSource - No URLs will be polled as dynamic configuration sources.
19:08:57.965 [main] INFO  c.n.c.sources.URLConfigurationSource - To enable URLs as dynamic configuration sources, define System property archaius.configurationSource.additionalUrls or make config.properties available on classpath.
19:08:57.970 [main] WARN  c.n.c.sources.URLConfigurationSource - No URLs will be polled as dynamic configuration sources.
19:08:57.970 [main] INFO  c.n.c.sources.URLConfigurationSource - To enable URLs as dynamic configuration sources, define System property archaius.configurationSource.additionalUrls or make config.properties available on classpath.
19:08:58.082 [main] INFO  o.s.w.s.m.m.a.RequestMappingHandlerAdapter - Looking for @ControllerAdvice: org.springframework.boot.context.embedded.AnnotationConfigEmbeddedWebApplicationContext@1b835480: startup date [Thu Jan 11 19:08:56 CST 2018]; parent: org.springframework.context.annotation.AnnotationConfigApplicationContext@4466af20
19:08:58.127 [main] INFO  o.s.w.s.m.m.a.RequestMappingHandlerMapping - Mapped "{[/list],methods=[GET]}" onto public java.util.List<com.konghao.book.product.domain.Product> com.konghao.book.consumer.controller.ProductController.listProduct()
19:08:58.130 [main] INFO  o.s.w.s.m.m.a.RequestMappingHandlerMapping - Mapped "{[/error]}" onto public org.springframework.http.ResponseEntity<java.util.Map<java.lang.String, java.lang.Object>> org.springframework.boot.autoconfigure.web.BasicErrorController.error(javax.servlet.http.HttpServletRequest)
19:08:58.130 [main] INFO  o.s.w.s.m.m.a.RequestMappingHandlerMapping - Mapped "{[/error],produces=[text/html]}" onto public org.springframework.web.servlet.ModelAndView org.springframework.boot.autoconfigure.web.BasicErrorController.errorHtml(javax.servlet.http.HttpServletRequest,javax.servlet.http.HttpServletResponse)
19:08:58.162 [main] INFO  o.s.w.s.h.SimpleUrlHandlerMapping - Mapped URL path [/webjars/**] onto handler of type [class org.springframework.web.servlet.resource.ResourceHttpRequestHandler]
19:08:58.162 [main] INFO  o.s.w.s.h.SimpleUrlHandlerMapping - Mapped URL path [/**] onto handler of type [class org.springframework.web.servlet.resource.ResourceHttpRequestHandler]
19:08:58.200 [main] INFO  o.s.w.s.h.SimpleUrlHandlerMapping - Mapped URL path [/**/favicon.ico] onto handler of type [class org.springframework.web.servlet.resource.ResourceHttpRequestHandler]
19:08:58.442 [main] INFO  o.s.j.e.a.AnnotationMBeanExporter - Registering beans for JMX exposure on startup
19:08:58.447 [main] INFO  o.s.j.e.a.AnnotationMBeanExporter - Bean with name 'environmentManager' has been autodetected for JMX exposure
19:08:58.447 [main] INFO  o.s.j.e.a.AnnotationMBeanExporter - Bean with name 'configurationPropertiesRebinder' has been autodetected for JMX exposure
19:08:58.448 [main] INFO  o.s.j.e.a.AnnotationMBeanExporter - Bean with name 'refreshScope' has been autodetected for JMX exposure
19:08:58.449 [main] INFO  o.s.j.e.a.AnnotationMBeanExporter - Located managed bean 'environmentManager': registering with JMX server as MBean [org.springframework.cloud.context.environment:name=environmentManager,type=EnvironmentManager]
19:08:58.457 [main] INFO  o.s.j.e.a.AnnotationMBeanExporter - Located managed bean 'refreshScope': registering with JMX server as MBean [org.springframework.cloud.context.scope.refresh:name=refreshScope,type=RefreshScope]
19:08:58.464 [main] INFO  o.s.j.e.a.AnnotationMBeanExporter - Located managed bean 'configurationPropertiesRebinder': registering with JMX server as MBean [org.springframework.cloud.context.properties:name=configurationPropertiesRebinder,context=1b835480,type=ConfigurationPropertiesRebinder]
19:08:58.577 [main] INFO  o.s.c.s.DefaultLifecycleProcessor - Starting beans in phase 0
19:08:58.583 [main] INFO  o.s.c.n.eureka.InstanceInfoFactory - Setting initial instance status as: STARTING
19:08:58.622 [main] INFO  c.netflix.discovery.DiscoveryClient - Initializing Eureka in region us-east-1
19:08:58.895 [main] INFO  c.n.d.p.DiscoveryJerseyProvider - Using JSON encoding codec LegacyJacksonJson
19:08:58.895 [main] INFO  c.n.d.p.DiscoveryJerseyProvider - Using JSON decoding codec LegacyJacksonJson
19:08:58.972 [main] INFO  c.n.d.p.DiscoveryJerseyProvider - Using XML encoding codec XStreamXml
19:08:58.972 [main] INFO  c.n.d.p.DiscoveryJerseyProvider - Using XML decoding codec XStreamXml
19:08:59.123 [main] INFO  c.n.d.s.r.aws.ConfigClusterResolver - Resolving eureka endpoints via configuration
19:08:59.173 [main] INFO  c.netflix.discovery.DiscoveryClient - Disable delta property : false
19:08:59.174 [main] INFO  c.netflix.discovery.DiscoveryClient - Single vip registry refresh property : null
19:08:59.174 [main] INFO  c.netflix.discovery.DiscoveryClient - Force full registry fetch : false
19:08:59.174 [main] INFO  c.netflix.discovery.DiscoveryClient - Application is null : false
19:08:59.174 [main] INFO  c.netflix.discovery.DiscoveryClient - Registered Applications size is zero : true
19:08:59.174 [main] INFO  c.netflix.discovery.DiscoveryClient - Application version is -1: true
19:08:59.174 [main] INFO  c.netflix.discovery.DiscoveryClient - Getting all instance registry info from the eureka server
19:08:59.348 [main] INFO  c.netflix.discovery.DiscoveryClient - The response status is 200
19:08:59.350 [main] INFO  c.netflix.discovery.DiscoveryClient - Starting heartbeat executor: renew interval is: 30
19:08:59.352 [main] INFO  c.n.discovery.InstanceInfoReplicator - InstanceInfoReplicator onDemand update allowed rate per min is 4
19:08:59.355 [main] INFO  c.netflix.discovery.DiscoveryClient - Discovery Client initialized at timestamp 1515668939355 with initial instances count: 6
19:08:59.376 [main] INFO  o.s.c.n.e.s.EurekaServiceRegistry - Registering application e-book-consumer with eureka with status UP
19:08:59.377 [main] INFO  c.netflix.discovery.DiscoveryClient - Saw local status change event StatusChangeEvent [timestamp=1515668939377, current=UP, previous=STARTING]
19:08:59.379 [DiscoveryClient-InstanceInfoReplicator-0] INFO  c.netflix.discovery.DiscoveryClient - DiscoveryClient_E-BOOK-CONSUMER/DESKTOP-CCLRIAF:e-book-consumer:8090: registering service...
19:08:59.395 [main] INFO  o.a.coyote.http11.Http11NioProtocol - Initializing ProtocolHandler ["http-nio-8090"]
19:08:59.407 [main] INFO  o.a.coyote.http11.Http11NioProtocol - Starting ProtocolHandler ["http-nio-8090"]
19:08:59.413 [DiscoveryClient-InstanceInfoReplicator-0] INFO  c.netflix.discovery.DiscoveryClient - DiscoveryClient_E-BOOK-CONSUMER/DESKTOP-CCLRIAF:e-book-consumer:8090 - registration status: 204
19:08:59.416 [main] INFO  o.a.tomcat.util.net.NioSelectorPool - Using a shared selector for servlet write/read
19:08:59.430 [main] INFO  o.s.b.c.e.t.TomcatEmbeddedServletContainer - Tomcat started on port(s): 8090 (http)
19:08:59.430 [main] INFO  o.s.c.n.e.s.EurekaAutoServiceRegistration - Updating port to 8090
19:08:59.433 [main] INFO  c.k.b.consumer.ConsumerApplication - Started ConsumerApplication in 4.527 seconds (JVM running for 5.153)
19:09:25.843 [http-nio-8090-exec-1] INFO  o.a.c.c.C.[Tomcat].[localhost].[/] - Initializing Spring FrameworkServlet 'dispatcherServlet'
19:09:25.843 [http-nio-8090-exec-1] INFO  o.s.web.servlet.DispatcherServlet - FrameworkServlet 'dispatcherServlet': initialization started
19:09:25.861 [http-nio-8090-exec-1] INFO  o.s.web.servlet.DispatcherServlet - FrameworkServlet 'dispatcherServlet': initialization completed in 18 ms
19:09:26.035 [hystrix-e-book-product-1] INFO  o.s.c.a.AnnotationConfigApplicationContext - Refreshing org.springframework.context.annotation.AnnotationConfigApplicationContext@35bba0c4: startup date [Thu Jan 11 19:09:26 CST 2018]; parent: org.springframework.boot.context.embedded.AnnotationConfigEmbeddedWebApplicationContext@1b835480
19:09:26.070 [hystrix-e-book-product-1] INFO  o.s.b.f.a.AutowiredAnnotationBeanPostProcessor - JSR-330 'javax.inject.Inject' annotation found and supported for autowiring
19:09:26.201 [hystrix-e-book-product-1] INFO  c.n.config.ChainedDynamicProperty - Flipping property: e-book-product.ribbon.ActiveConnectionsLimit to use NEXT property: niws.loadbalancer.availabilityFilteringRule.activeConnectionsLimit = 2147483647
19:09:26.218 [hystrix-e-book-product-1] INFO  c.n.u.c.ShutdownEnabledTimer - Shutdown hook installed for: NFLoadBalancer-PingTimer-e-book-product
19:09:26.238 [hystrix-e-book-product-1] INFO  c.n.loadbalancer.BaseLoadBalancer - Client: e-book-product instantiated a LoadBalancer: DynamicServerListLoadBalancer:{NFLoadBalancer:name=e-book-product,current list of Servers=[],Load balancer stats=Zone stats: {},Server stats: []}ServerList:null
19:09:26.243 [hystrix-e-book-product-1] INFO  c.n.l.DynamicServerListLoadBalancer - Using serverListUpdater PollingServerListUpdater
19:09:26.260 [hystrix-e-book-product-1] INFO  c.n.config.ChainedDynamicProperty - Flipping property: e-book-product.ribbon.ActiveConnectionsLimit to use NEXT property: niws.loadbalancer.availabilityFilteringRule.activeConnectionsLimit = 2147483647
19:09:26.261 [hystrix-e-book-product-1] INFO  c.n.l.DynamicServerListLoadBalancer - DynamicServerListLoadBalancer for client e-book-product initialized: DynamicServerListLoadBalancer:{NFLoadBalancer:name=e-book-product,current list of Servers=[DESKTOP-CCLRIAF:8083],Load balancer stats=Zone stats: {defaultzone=[Zone:defaultzone;	Instance count:1;	Active connections count: 0;	Circuit breaker tripped count: 0;	Active connections per server: 0.0;]
},Server stats: [[Server:DESKTOP-CCLRIAF:8083;	Zone:defaultZone;	Total Requests:0;	Successive connection failure:0;	Total blackout seconds:0;	Last connection made:Thu Jan 01 08:00:00 CST 1970;	First connection made: Thu Jan 01 08:00:00 CST 1970;	Active Connections:0;	total failure count in last (1000) msecs:0;	average resp time:0.0;	90 percentile resp time:0.0;	95 percentile resp time:0.0;	min resp time:0.0;	max resp time:0.0;	stddev resp time:0.0]
]}ServerList:org.springframework.cloud.netflix.ribbon.eureka.DomainExtractingServerList@6a4b6363
19:09:27.246 [PollingServerListUpdater-0] INFO  c.n.config.ChainedDynamicProperty - Flipping property: e-book-product.ribbon.ActiveConnectionsLimit to use NEXT property: niws.loadbalancer.availabilityFilteringRule.activeConnectionsLimit = 2147483647
19:13:59.177 [AsyncResolver-bootstrap-executor-0] INFO  c.n.d.s.r.aws.ConfigClusterResolver - Resolving eureka endpoints via configuration
19:18:59.178 [AsyncResolver-bootstrap-executor-0] INFO  c.n.d.s.r.aws.ConfigClusterResolver - Resolving eureka endpoints via configuration
19:31:40.042 [main] INFO  o.s.c.a.AnnotationConfigApplicationContext - Refreshing org.springframework.context.annotation.AnnotationConfigApplicationContext@4466af20: startup date [Thu Jan 11 19:31:40 CST 2018]; root of context hierarchy
19:31:40.384 [background-preinit] INFO  o.h.validator.internal.util.Version - HV000001: Hibernate Validator 5.3.6.Final
19:31:40.406 [main] INFO  o.s.b.f.a.AutowiredAnnotationBeanPostProcessor - JSR-330 'javax.inject.Inject' annotation found and supported for autowiring
19:31:40.471 [main] INFO  o.s.c.s.PostProcessorRegistrationDelegate$BeanPostProcessorChecker - Bean 'configurationPropertiesRebinderAutoConfiguration' of type [org.springframework.cloud.autoconfigure.ConfigurationPropertiesRebinderAutoConfiguration$$EnhancerBySpringCGLIB$$2abac970] is not eligible for getting processed by all BeanPostProcessors (for example: not eligible for auto-proxying)
19:31:40.990 [main] INFO  c.k.b.consumer.ConsumerApplication - No active profile set, falling back to default profiles: default
19:31:41.012 [main] INFO  o.s.b.c.e.AnnotationConfigEmbeddedWebApplicationContext - Refreshing org.springframework.boot.context.embedded.AnnotationConfigEmbeddedWebApplicationContext@1b835480: startup date [Thu Jan 11 19:31:41 CST 2018]; parent: org.springframework.context.annotation.AnnotationConfigApplicationContext@4466af20
19:31:42.164 [main] INFO  o.s.cloud.context.scope.GenericScope - BeanFactory id=a2dfefa7-e6a1-38ac-b3bc-b594ec453562
19:31:42.189 [main] INFO  o.s.b.f.a.AutowiredAnnotationBeanPostProcessor - JSR-330 'javax.inject.Inject' annotation found and supported for autowiring
19:31:42.236 [main] INFO  o.s.c.s.PostProcessorRegistrationDelegate$BeanPostProcessorChecker - Bean 'com.konghao.book.consumer.service.ProductService' of type [org.springframework.cloud.netflix.feign.FeignClientFactoryBean] is not eligible for getting processed by all BeanPostProcessors (for example: not eligible for auto-proxying)
19:31:42.281 [main] INFO  o.s.c.s.PostProcessorRegistrationDelegate$BeanPostProcessorChecker - Bean 'org.springframework.cloud.autoconfigure.ConfigurationPropertiesRebinderAutoConfiguration' of type [org.springframework.cloud.autoconfigure.ConfigurationPropertiesRebinderAutoConfiguration$$EnhancerBySpringCGLIB$$2abac970] is not eligible for getting processed by all BeanPostProcessors (for example: not eligible for auto-proxying)
19:31:42.722 [main] INFO  o.s.b.c.e.t.TomcatEmbeddedServletContainer - Tomcat initialized with port(s): 8090 (http)
19:31:42.738 [main] INFO  o.a.catalina.core.StandardService - Starting service [Tomcat]
19:31:42.742 [main] INFO  o.a.catalina.core.StandardEngine - Starting Servlet Engine: Apache Tomcat/8.5.23
19:31:42.955 [localhost-startStop-1] INFO  o.a.c.c.C.[Tomcat].[localhost].[/] - Initializing Spring embedded WebApplicationContext
19:31:42.955 [localhost-startStop-1] INFO  o.s.web.context.ContextLoader - Root WebApplicationContext: initialization completed in 1943 ms
19:31:43.171 [localhost-startStop-1] INFO  o.s.b.w.s.ServletRegistrationBean - Mapping servlet: 'dispatcherServlet' to [/]
19:31:43.178 [localhost-startStop-1] INFO  o.s.b.w.s.FilterRegistrationBean - Mapping filter: 'characterEncodingFilter' to: [/*]
19:31:43.179 [localhost-startStop-1] INFO  o.s.b.w.s.FilterRegistrationBean - Mapping filter: 'hiddenHttpMethodFilter' to: [/*]
19:31:43.180 [localhost-startStop-1] INFO  o.s.b.w.s.FilterRegistrationBean - Mapping filter: 'httpPutFormContentFilter' to: [/*]
19:31:43.180 [localhost-startStop-1] INFO  o.s.b.w.s.FilterRegistrationBean - Mapping filter: 'requestContextFilter' to: [/*]
19:31:43.262 [main] INFO  o.s.c.a.AnnotationConfigApplicationContext - Refreshing org.springframework.context.annotation.AnnotationConfigApplicationContext@5e742e4: startup date [Thu Jan 11 19:31:43 CST 2018]; parent: org.springframework.boot.context.embedded.AnnotationConfigEmbeddedWebApplicationContext@1b835480
19:31:43.297 [main] INFO  o.s.b.f.a.AutowiredAnnotationBeanPostProcessor - JSR-330 'javax.inject.Inject' annotation found and supported for autowiring
19:31:44.251 [main] WARN  c.n.c.sources.URLConfigurationSource - No URLs will be polled as dynamic configuration sources.
19:31:44.252 [main] INFO  c.n.c.sources.URLConfigurationSource - To enable URLs as dynamic configuration sources, define System property archaius.configurationSource.additionalUrls or make config.properties available on classpath.
19:31:44.271 [main] WARN  c.n.c.sources.URLConfigurationSource - No URLs will be polled as dynamic configuration sources.
19:31:44.271 [main] INFO  c.n.c.sources.URLConfigurationSource - To enable URLs as dynamic configuration sources, define System property archaius.configurationSource.additionalUrls or make config.properties available on classpath.
19:31:44.447 [main] INFO  o.s.w.s.m.m.a.RequestMappingHandlerAdapter - Looking for @ControllerAdvice: org.springframework.boot.context.embedded.AnnotationConfigEmbeddedWebApplicationContext@1b835480: startup date [Thu Jan 11 19:31:41 CST 2018]; parent: org.springframework.context.annotation.AnnotationConfigApplicationContext@4466af20
19:31:44.497 [main] INFO  o.s.w.s.m.m.a.RequestMappingHandlerMapping - Mapped "{[/list],methods=[GET]}" onto public java.util.List<com.konghao.book.product.domain.Product> com.konghao.book.consumer.controller.ProductController.listProduct()
19:31:44.500 [main] INFO  o.s.w.s.m.m.a.RequestMappingHandlerMapping - Mapped "{[/error]}" onto public org.springframework.http.ResponseEntity<java.util.Map<java.lang.String, java.lang.Object>> org.springframework.boot.autoconfigure.web.BasicErrorController.error(javax.servlet.http.HttpServletRequest)
19:31:44.501 [main] INFO  o.s.w.s.m.m.a.RequestMappingHandlerMapping - Mapped "{[/error],produces=[text/html]}" onto public org.springframework.web.servlet.ModelAndView org.springframework.boot.autoconfigure.web.BasicErrorController.errorHtml(javax.servlet.http.HttpServletRequest,javax.servlet.http.HttpServletResponse)
19:31:44.533 [main] INFO  o.s.w.s.h.SimpleUrlHandlerMapping - Mapped URL path [/webjars/**] onto handler of type [class org.springframework.web.servlet.resource.ResourceHttpRequestHandler]
19:31:44.534 [main] INFO  o.s.w.s.h.SimpleUrlHandlerMapping - Mapped URL path [/**] onto handler of type [class org.springframework.web.servlet.resource.ResourceHttpRequestHandler]
19:31:44.587 [main] INFO  o.s.w.s.h.SimpleUrlHandlerMapping - Mapped URL path [/**/favicon.ico] onto handler of type [class org.springframework.web.servlet.resource.ResourceHttpRequestHandler]
19:31:44.963 [main] INFO  o.s.j.e.a.AnnotationMBeanExporter - Registering beans for JMX exposure on startup
19:31:44.975 [main] INFO  o.s.j.e.a.AnnotationMBeanExporter - Bean with name 'environmentManager' has been autodetected for JMX exposure
19:31:44.978 [main] INFO  o.s.j.e.a.AnnotationMBeanExporter - Bean with name 'configurationPropertiesRebinder' has been autodetected for JMX exposure
19:31:44.979 [main] INFO  o.s.j.e.a.AnnotationMBeanExporter - Bean with name 'refreshScope' has been autodetected for JMX exposure
19:31:44.982 [main] INFO  o.s.j.e.a.AnnotationMBeanExporter - Located managed bean 'environmentManager': registering with JMX server as MBean [org.springframework.cloud.context.environment:name=environmentManager,type=EnvironmentManager]
19:31:45.009 [main] INFO  o.s.j.e.a.AnnotationMBeanExporter - Located managed bean 'refreshScope': registering with JMX server as MBean [org.springframework.cloud.context.scope.refresh:name=refreshScope,type=RefreshScope]
19:31:45.028 [main] INFO  o.s.j.e.a.AnnotationMBeanExporter - Located managed bean 'configurationPropertiesRebinder': registering with JMX server as MBean [org.springframework.cloud.context.properties:name=configurationPropertiesRebinder,context=1b835480,type=ConfigurationPropertiesRebinder]
19:31:45.252 [main] INFO  o.s.c.s.DefaultLifecycleProcessor - Starting beans in phase 0
19:31:45.272 [main] INFO  o.s.c.n.eureka.InstanceInfoFactory - Setting initial instance status as: STARTING
19:31:45.371 [main] INFO  c.netflix.discovery.DiscoveryClient - Initializing Eureka in region us-east-1
19:31:45.837 [main] INFO  c.n.d.p.DiscoveryJerseyProvider - Using JSON encoding codec LegacyJacksonJson
19:31:45.837 [main] INFO  c.n.d.p.DiscoveryJerseyProvider - Using JSON decoding codec LegacyJacksonJson
19:31:46.167 [main] INFO  c.n.d.p.DiscoveryJerseyProvider - Using XML encoding codec XStreamXml
19:31:46.168 [main] INFO  c.n.d.p.DiscoveryJerseyProvider - Using XML decoding codec XStreamXml
19:31:46.462 [main] INFO  c.n.d.s.r.aws.ConfigClusterResolver - Resolving eureka endpoints via configuration
19:31:46.580 [main] INFO  c.netflix.discovery.DiscoveryClient - Disable delta property : false
19:31:46.581 [main] INFO  c.netflix.discovery.DiscoveryClient - Single vip registry refresh property : null
19:31:46.582 [main] INFO  c.netflix.discovery.DiscoveryClient - Force full registry fetch : false
19:31:46.583 [main] INFO  c.netflix.discovery.DiscoveryClient - Application is null : false
19:31:46.584 [main] INFO  c.netflix.discovery.DiscoveryClient - Registered Applications size is zero : true
19:31:46.584 [main] INFO  c.netflix.discovery.DiscoveryClient - Application version is -1: true
19:31:46.585 [main] INFO  c.netflix.discovery.DiscoveryClient - Getting all instance registry info from the eureka server
19:31:47.321 [main] INFO  c.netflix.discovery.DiscoveryClient - The response status is 200
19:31:47.326 [main] INFO  c.netflix.discovery.DiscoveryClient - Starting heartbeat executor: renew interval is: 30
19:31:47.332 [main] INFO  c.n.discovery.InstanceInfoReplicator - InstanceInfoReplicator onDemand update allowed rate per min is 4
19:31:47.346 [main] INFO  c.netflix.discovery.DiscoveryClient - Discovery Client initialized at timestamp 1515670307346 with initial instances count: 7
19:31:47.398 [main] INFO  o.s.c.n.e.s.EurekaServiceRegistry - Registering application e-book-consumer with eureka with status UP
19:31:47.413 [main] INFO  c.netflix.discovery.DiscoveryClient - Saw local status change event StatusChangeEvent [timestamp=1515670307413, current=UP, previous=STARTING]
19:31:47.441 [DiscoveryClient-InstanceInfoReplicator-0] INFO  c.netflix.discovery.DiscoveryClient - DiscoveryClient_E-BOOK-CONSUMER/DESKTOP-CCLRIAF:e-book-consumer:8090: registering service...
19:31:47.457 [main] INFO  o.a.coyote.http11.Http11NioProtocol - Initializing ProtocolHandler ["http-nio-8090"]
19:31:47.481 [main] INFO  o.a.coyote.http11.Http11NioProtocol - Starting ProtocolHandler ["http-nio-8090"]
19:31:47.505 [main] INFO  o.a.tomcat.util.net.NioSelectorPool - Using a shared selector for servlet write/read
19:31:47.522 [DiscoveryClient-InstanceInfoReplicator-0] INFO  c.netflix.discovery.DiscoveryClient - DiscoveryClient_E-BOOK-CONSUMER/DESKTOP-CCLRIAF:e-book-consumer:8090 - registration status: 204
19:31:47.542 [main] INFO  o.s.b.c.e.t.TomcatEmbeddedServletContainer - Tomcat started on port(s): 8090 (http)
19:31:47.547 [main] INFO  o.s.c.n.e.s.EurekaAutoServiceRegistration - Updating port to 8090
19:31:47.553 [main] INFO  c.k.b.consumer.ConsumerApplication - Started ConsumerApplication in 7.987 seconds (JVM running for 8.82)
19:32:01.143 [http-nio-8090-exec-3] INFO  o.a.c.c.C.[Tomcat].[localhost].[/] - Initializing Spring FrameworkServlet 'dispatcherServlet'
19:32:01.143 [http-nio-8090-exec-3] INFO  o.s.web.servlet.DispatcherServlet - FrameworkServlet 'dispatcherServlet': initialization started
19:32:01.165 [http-nio-8090-exec-3] INFO  o.s.web.servlet.DispatcherServlet - FrameworkServlet 'dispatcherServlet': initialization completed in 22 ms
19:32:01.605 [hystrix-e-book-product-1] INFO  o.s.c.a.AnnotationConfigApplicationContext - Refreshing org.springframework.context.annotation.AnnotationConfigApplicationContext@2f39e493: startup date [Thu Jan 11 19:32:01 CST 2018]; parent: org.springframework.boot.context.embedded.AnnotationConfigEmbeddedWebApplicationContext@1b835480
19:32:01.675 [hystrix-e-book-product-1] INFO  o.s.b.f.a.AutowiredAnnotationBeanPostProcessor - JSR-330 'javax.inject.Inject' annotation found and supported for autowiring
19:32:01.965 [hystrix-e-book-product-1] INFO  c.n.config.ChainedDynamicProperty - Flipping property: e-book-product.ribbon.ActiveConnectionsLimit to use NEXT property: niws.loadbalancer.availabilityFilteringRule.activeConnectionsLimit = 2147483647
19:32:02.014 [hystrix-e-book-product-1] INFO  c.n.u.c.ShutdownEnabledTimer - Shutdown hook installed for: NFLoadBalancer-PingTimer-e-book-product
19:32:02.069 [hystrix-e-book-product-1] INFO  c.n.loadbalancer.BaseLoadBalancer - Client: e-book-product instantiated a LoadBalancer: DynamicServerListLoadBalancer:{NFLoadBalancer:name=e-book-product,current list of Servers=[],Load balancer stats=Zone stats: {},Server stats: []}ServerList:null
19:32:02.079 [hystrix-e-book-product-1] INFO  c.n.l.DynamicServerListLoadBalancer - Using serverListUpdater PollingServerListUpdater
19:32:02.118 [hystrix-e-book-product-1] INFO  c.n.config.ChainedDynamicProperty - Flipping property: e-book-product.ribbon.ActiveConnectionsLimit to use NEXT property: niws.loadbalancer.availabilityFilteringRule.activeConnectionsLimit = 2147483647
19:32:02.123 [hystrix-e-book-product-1] INFO  c.n.l.DynamicServerListLoadBalancer - DynamicServerListLoadBalancer for client e-book-product initialized: DynamicServerListLoadBalancer:{NFLoadBalancer:name=e-book-product,current list of Servers=[DESKTOP-CCLRIAF:8083],Load balancer stats=Zone stats: {defaultzone=[Zone:defaultzone;	Instance count:1;	Active connections count: 0;	Circuit breaker tripped count: 0;	Active connections per server: 0.0;]
},Server stats: [[Server:DESKTOP-CCLRIAF:8083;	Zone:defaultZone;	Total Requests:0;	Successive connection failure:0;	Total blackout seconds:0;	Last connection made:Thu Jan 01 08:00:00 CST 1970;	First connection made: Thu Jan 01 08:00:00 CST 1970;	Active Connections:0;	total failure count in last (1000) msecs:0;	average resp time:0.0;	90 percentile resp time:0.0;	95 percentile resp time:0.0;	min resp time:0.0;	max resp time:0.0;	stddev resp time:0.0]
]}ServerList:org.springframework.cloud.netflix.ribbon.eureka.DomainExtractingServerList@31ed7977
19:32:02.632 [HystrixTimer-1] WARN  c.k.b.c.h.ProductServiceFallbackFactory - fallback exception:
com.netflix.hystrix.exception.HystrixTimeoutException: null
	at com.netflix.hystrix.AbstractCommand$HystrixObservableTimeoutOperator$1$1.run(AbstractCommand.java:1154)
	at com.netflix.hystrix.strategy.concurrency.HystrixContextRunnable$1.call(HystrixContextRunnable.java:45)
	at com.netflix.hystrix.strategy.concurrency.HystrixContextRunnable$1.call(HystrixContextRunnable.java:41)
	at com.netflix.hystrix.strategy.concurrency.HystrixContextRunnable.run(HystrixContextRunnable.java:61)
	at com.netflix.hystrix.AbstractCommand$HystrixObservableTimeoutOperator$1.tick(AbstractCommand.java:1159)
	at com.netflix.hystrix.util.HystrixTimer$1.run(HystrixTimer.java:99)
	at java.util.concurrent.Executors$RunnableAdapter.call(Executors.java:511)
	at java.util.concurrent.FutureTask.runAndReset(FutureTask.java:308)
	at java.util.concurrent.ScheduledThreadPoolExecutor$ScheduledFutureTask.access$301(ScheduledThreadPoolExecutor.java:180)
	at java.util.concurrent.ScheduledThreadPoolExecutor$ScheduledFutureTask.run(ScheduledThreadPoolExecutor.java:294)
	at java.util.concurrent.ThreadPoolExecutor.runWorker(ThreadPoolExecutor.java:1142)
	at java.util.concurrent.ThreadPoolExecutor$Worker.run(ThreadPoolExecutor.java:617)
	at java.lang.Thread.run(Thread.java:748)
19:32:03.115 [PollingServerListUpdater-0] INFO  c.n.config.ChainedDynamicProperty - Flipping property: e-book-product.ribbon.ActiveConnectionsLimit to use NEXT property: niws.loadbalancer.availabilityFilteringRule.activeConnectionsLimit = 2147483647
19:32:44.525 [HystrixTimer-2] WARN  c.k.b.c.h.ProductServiceFallbackFactory - fallback exception:
com.netflix.hystrix.exception.HystrixTimeoutException: null
	at com.netflix.hystrix.AbstractCommand$HystrixObservableTimeoutOperator$1$1.run(AbstractCommand.java:1154)
	at com.netflix.hystrix.strategy.concurrency.HystrixContextRunnable$1.call(HystrixContextRunnable.java:45)
	at com.netflix.hystrix.strategy.concurrency.HystrixContextRunnable$1.call(HystrixContextRunnable.java:41)
	at com.netflix.hystrix.strategy.concurrency.HystrixContextRunnable.run(HystrixContextRunnable.java:61)
	at com.netflix.hystrix.AbstractCommand$HystrixObservableTimeoutOperator$1.tick(AbstractCommand.java:1159)
	at com.netflix.hystrix.util.HystrixTimer$1.run(HystrixTimer.java:99)
	at java.util.concurrent.Executors$RunnableAdapter.call(Executors.java:511)
	at java.util.concurrent.FutureTask.runAndReset(FutureTask.java:308)
	at java.util.concurrent.ScheduledThreadPoolExecutor$ScheduledFutureTask.access$301(ScheduledThreadPoolExecutor.java:180)
	at java.util.concurrent.ScheduledThreadPoolExecutor$ScheduledFutureTask.run(ScheduledThreadPoolExecutor.java:294)
	at java.util.concurrent.ThreadPoolExecutor.runWorker(ThreadPoolExecutor.java:1142)
	at java.util.concurrent.ThreadPoolExecutor$Worker.run(ThreadPoolExecutor.java:617)
	at java.lang.Thread.run(Thread.java:748)
19:36:46.604 [AsyncResolver-bootstrap-executor-0] INFO  c.n.d.s.r.aws.ConfigClusterResolver - Resolving eureka endpoints via configuration
19:41:46.606 [AsyncResolver-bootstrap-executor-0] INFO  c.n.d.s.r.aws.ConfigClusterResolver - Resolving eureka endpoints via configuration
19:46:46.607 [AsyncResolver-bootstrap-executor-0] INFO  c.n.d.s.r.aws.ConfigClusterResolver - Resolving eureka endpoints via configuration
19:51:46.608 [AsyncResolver-bootstrap-executor-0] INFO  c.n.d.s.r.aws.ConfigClusterResolver - Resolving eureka endpoints via configuration
19:56:46.609 [AsyncResolver-bootstrap-executor-0] INFO  c.n.d.s.r.aws.ConfigClusterResolver - Resolving eureka endpoints via configuration
20:01:46.610 [AsyncResolver-bootstrap-executor-0] INFO  c.n.d.s.r.aws.ConfigClusterResolver - Resolving eureka endpoints via configuration
20:06:46.611 [AsyncResolver-bootstrap-executor-0] INFO  c.n.d.s.r.aws.ConfigClusterResolver - Resolving eureka endpoints via configuration
20:11:46.612 [AsyncResolver-bootstrap-executor-0] INFO  c.n.d.s.r.aws.ConfigClusterResolver - Resolving eureka endpoints via configuration
20:16:46.614 [AsyncResolver-bootstrap-executor-0] INFO  c.n.d.s.r.aws.ConfigClusterResolver - Resolving eureka endpoints via configuration
