20:10:25.602 [main] INFO  o.s.c.a.AnnotationConfigApplicationContext - Refreshing org.springframework.context.annotation.AnnotationConfigApplicationContext@79924b: startup date [Fri Jan 12 20:10:25 CST 2018]; root of context hierarchy
20:10:25.775 [main] INFO  o.s.b.f.a.AutowiredAnnotationBeanPostProcessor - JSR-330 'javax.inject.Inject' annotation found and supported for autowiring
20:10:25.804 [main] INFO  o.s.c.s.PostProcessorRegistrationDelegate$BeanPostProcessorChecker - Bean 'configurationPropertiesRebinderAutoConfiguration' of type [org.springframework.cloud.autoconfigure.ConfigurationPropertiesRebinderAutoConfiguration$$EnhancerBySpringCGLIB$$8ddf195d] is not eligible for getting processed by all BeanPostProcessors (for example: not eligible for auto-proxying)
20:10:25.807 [background-preinit] INFO  o.h.validator.internal.util.Version - HV000001: Hibernate Validator 5.3.6.Final
20:10:26.075 [main] INFO  c.k.e.consumer.ConsumerApplication - No active profile set, falling back to default profiles: default
20:10:26.087 [main] INFO  o.s.b.c.e.AnnotationConfigEmbeddedWebApplicationContext - Refreshing org.springframework.boot.context.embedded.AnnotationConfigEmbeddedWebApplicationContext@74bada02: startup date [Fri Jan 12 20:10:26 CST 2018]; parent: org.springframework.context.annotation.AnnotationConfigApplicationContext@79924b
20:10:26.533 [main] INFO  o.s.cloud.context.scope.GenericScope - BeanFactory id=977254ee-5234-3c80-95cc-a9ca4c2a2e5e
20:10:26.546 [main] INFO  o.s.b.f.a.AutowiredAnnotationBeanPostProcessor - JSR-330 'javax.inject.Inject' annotation found and supported for autowiring
20:10:26.643 [main] INFO  o.s.c.s.PostProcessorRegistrationDelegate$BeanPostProcessorChecker - Bean 'org.springframework.cloud.autoconfigure.ConfigurationPropertiesRebinderAutoConfiguration' of type [org.springframework.cloud.autoconfigure.ConfigurationPropertiesRebinderAutoConfiguration$$EnhancerBySpringCGLIB$$8ddf195d] is not eligible for getting processed by all BeanPostProcessors (for example: not eligible for auto-proxying)
20:10:26.987 [main] INFO  o.s.b.c.e.t.TomcatEmbeddedServletContainer - Tomcat initialized with port(s): 9000 (http)
20:10:26.994 [main] INFO  o.a.catalina.core.StandardService - Starting service [Tomcat]
20:10:26.994 [main] INFO  o.a.catalina.core.StandardEngine - Starting Servlet Engine: Apache Tomcat/8.5.23
20:10:27.088 [localhost-startStop-1] INFO  o.a.c.c.C.[Tomcat].[localhost].[/] - Initializing Spring embedded WebApplicationContext
20:10:27.089 [localhost-startStop-1] INFO  o.s.web.context.ContextLoader - Root WebApplicationContext: initialization completed in 1002 ms
20:10:27.208 [localhost-startStop-1] INFO  o.s.b.w.s.ServletRegistrationBean - Mapping servlet: 'dispatcherServlet' to [/]
20:10:27.211 [localhost-startStop-1] INFO  o.s.b.w.s.FilterRegistrationBean - Mapping filter: 'characterEncodingFilter' to: [/*]
20:10:27.212 [localhost-startStop-1] INFO  o.s.b.w.s.FilterRegistrationBean - Mapping filter: 'hiddenHttpMethodFilter' to: [/*]
20:10:27.212 [localhost-startStop-1] INFO  o.s.b.w.s.FilterRegistrationBean - Mapping filter: 'httpPutFormContentFilter' to: [/*]
20:10:27.212 [localhost-startStop-1] INFO  o.s.b.w.s.FilterRegistrationBean - Mapping filter: 'requestContextFilter' to: [/*]
20:10:27.540 [main] WARN  c.n.c.sources.URLConfigurationSource - No URLs will be polled as dynamic configuration sources.
20:10:27.540 [main] INFO  c.n.c.sources.URLConfigurationSource - To enable URLs as dynamic configuration sources, define System property archaius.configurationSource.additionalUrls or make config.properties available on classpath.
20:10:27.544 [main] WARN  c.n.c.sources.URLConfigurationSource - No URLs will be polled as dynamic configuration sources.
20:10:27.544 [main] INFO  c.n.c.sources.URLConfigurationSource - To enable URLs as dynamic configuration sources, define System property archaius.configurationSource.additionalUrls or make config.properties available on classpath.
20:10:27.706 [main] INFO  o.s.w.s.m.m.a.RequestMappingHandlerAdapter - Looking for @ControllerAdvice: org.springframework.boot.context.embedded.AnnotationConfigEmbeddedWebApplicationContext@74bada02: startup date [Fri Jan 12 20:10:26 CST 2018]; parent: org.springframework.context.annotation.AnnotationConfigApplicationContext@79924b
20:10:27.751 [main] INFO  o.s.w.s.m.m.a.RequestMappingHandlerMapping - Mapped "{[/list],methods=[GET]}" onto public java.util.List<com.konghao.eureka.consumer.domain.Product> com.konghao.eureka.consumer.controller.ProductController.listProduct()
20:10:27.754 [main] INFO  o.s.w.s.m.m.a.RequestMappingHandlerMapping - Mapped "{[/error]}" onto public org.springframework.http.ResponseEntity<java.util.Map<java.lang.String, java.lang.Object>> org.springframework.boot.autoconfigure.web.BasicErrorController.error(javax.servlet.http.HttpServletRequest)
20:10:27.754 [main] INFO  o.s.w.s.m.m.a.RequestMappingHandlerMapping - Mapped "{[/error],produces=[text/html]}" onto public org.springframework.web.servlet.ModelAndView org.springframework.boot.autoconfigure.web.BasicErrorController.errorHtml(javax.servlet.http.HttpServletRequest,javax.servlet.http.HttpServletResponse)
20:10:27.783 [main] INFO  o.s.w.s.h.SimpleUrlHandlerMapping - Mapped URL path [/webjars/**] onto handler of type [class org.springframework.web.servlet.resource.ResourceHttpRequestHandler]
20:10:27.788 [main] INFO  o.s.w.s.h.SimpleUrlHandlerMapping - Mapped URL path [/**] onto handler of type [class org.springframework.web.servlet.resource.ResourceHttpRequestHandler]
20:10:27.891 [main] INFO  o.s.w.s.h.SimpleUrlHandlerMapping - Mapped URL path [/**/favicon.ico] onto handler of type [class org.springframework.web.servlet.resource.ResourceHttpRequestHandler]
20:10:28.254 [main] INFO  o.s.j.e.a.AnnotationMBeanExporter - Registering beans for JMX exposure on startup
20:10:28.259 [main] INFO  o.s.j.e.a.AnnotationMBeanExporter - Bean with name 'environmentManager' has been autodetected for JMX exposure
20:10:28.260 [main] INFO  o.s.j.e.a.AnnotationMBeanExporter - Bean with name 'configurationPropertiesRebinder' has been autodetected for JMX exposure
20:10:28.260 [main] INFO  o.s.j.e.a.AnnotationMBeanExporter - Bean with name 'refreshScope' has been autodetected for JMX exposure
20:10:28.261 [main] INFO  o.s.j.e.a.AnnotationMBeanExporter - Located managed bean 'environmentManager': registering with JMX server as MBean [org.springframework.cloud.context.environment:name=environmentManager,type=EnvironmentManager]
20:10:28.267 [main] INFO  o.s.j.e.a.AnnotationMBeanExporter - Located managed bean 'refreshScope': registering with JMX server as MBean [org.springframework.cloud.context.scope.refresh:name=refreshScope,type=RefreshScope]
20:10:28.273 [main] INFO  o.s.j.e.a.AnnotationMBeanExporter - Located managed bean 'configurationPropertiesRebinder': registering with JMX server as MBean [org.springframework.cloud.context.properties:name=configurationPropertiesRebinder,context=74bada02,type=ConfigurationPropertiesRebinder]
20:10:28.329 [main] INFO  o.s.c.s.DefaultLifecycleProcessor - Starting beans in phase 0
20:10:28.334 [main] INFO  o.s.c.n.eureka.InstanceInfoFactory - Setting initial instance status as: STARTING
20:10:28.363 [main] INFO  c.netflix.discovery.DiscoveryClient - Initializing Eureka in region us-east-1
20:10:28.546 [main] INFO  c.n.d.p.DiscoveryJerseyProvider - Using JSON encoding codec LegacyJacksonJson
20:10:28.546 [main] INFO  c.n.d.p.DiscoveryJerseyProvider - Using JSON decoding codec LegacyJacksonJson
20:10:28.630 [main] INFO  c.n.d.p.DiscoveryJerseyProvider - Using XML encoding codec XStreamXml
20:10:28.630 [main] INFO  c.n.d.p.DiscoveryJerseyProvider - Using XML decoding codec XStreamXml
20:10:28.777 [main] INFO  c.n.d.s.r.aws.ConfigClusterResolver - Resolving eureka endpoints via configuration
20:10:28.824 [main] INFO  c.netflix.discovery.DiscoveryClient - Disable delta property : false
20:10:28.824 [main] INFO  c.netflix.discovery.DiscoveryClient - Single vip registry refresh property : null
20:10:28.825 [main] INFO  c.netflix.discovery.DiscoveryClient - Force full registry fetch : false
20:10:28.825 [main] INFO  c.netflix.discovery.DiscoveryClient - Application is null : false
20:10:28.825 [main] INFO  c.netflix.discovery.DiscoveryClient - Registered Applications size is zero : true
20:10:28.825 [main] INFO  c.netflix.discovery.DiscoveryClient - Application version is -1: true
20:10:28.825 [main] INFO  c.netflix.discovery.DiscoveryClient - Getting all instance registry info from the eureka server
20:10:29.022 [main] INFO  c.netflix.discovery.DiscoveryClient - The response status is 200
20:10:29.025 [main] INFO  c.netflix.discovery.DiscoveryClient - Starting heartbeat executor: renew interval is: 30
20:10:29.027 [main] INFO  c.n.discovery.InstanceInfoReplicator - InstanceInfoReplicator onDemand update allowed rate per min is 4
20:10:29.030 [main] INFO  c.netflix.discovery.DiscoveryClient - Discovery Client initialized at timestamp 1515759029030 with initial instances count: 9
20:10:29.051 [main] INFO  o.s.c.n.e.s.EurekaServiceRegistry - Registering application e-book-consumer-hystrix with eureka with status UP
20:10:29.052 [main] INFO  c.netflix.discovery.DiscoveryClient - Saw local status change event StatusChangeEvent [timestamp=1515759029052, current=UP, previous=STARTING]
20:10:29.053 [DiscoveryClient-InstanceInfoReplicator-0] INFO  c.netflix.discovery.DiscoveryClient - DiscoveryClient_E-BOOK-CONSUMER-HYSTRIX/DESKTOP-CCLRIAF:e-book-consumer-hystrix:9000: registering service...
20:10:29.061 [main] INFO  o.a.coyote.http11.Http11NioProtocol - Initializing ProtocolHandler ["http-nio-9000"]
20:10:29.073 [main] INFO  o.a.coyote.http11.Http11NioProtocol - Starting ProtocolHandler ["http-nio-9000"]
20:10:29.079 [DiscoveryClient-InstanceInfoReplicator-0] INFO  c.netflix.discovery.DiscoveryClient - DiscoveryClient_E-BOOK-CONSUMER-HYSTRIX/DESKTOP-CCLRIAF:e-book-consumer-hystrix:9000 - registration status: 204
20:10:29.083 [main] INFO  o.a.tomcat.util.net.NioSelectorPool - Using a shared selector for servlet write/read
20:10:29.098 [main] INFO  o.s.b.c.e.t.TomcatEmbeddedServletContainer - Tomcat started on port(s): 9000 (http)
20:10:29.099 [main] INFO  o.s.c.n.e.s.EurekaAutoServiceRegistration - Updating port to 9000
20:10:29.101 [main] INFO  c.k.e.consumer.ConsumerApplication - Started ConsumerApplication in 3.765 seconds (JVM running for 4.105)
20:10:39.047 [http-nio-9000-exec-1] INFO  o.a.c.c.C.[Tomcat].[localhost].[/] - Initializing Spring FrameworkServlet 'dispatcherServlet'
20:10:39.048 [http-nio-9000-exec-1] INFO  o.s.web.servlet.DispatcherServlet - FrameworkServlet 'dispatcherServlet': initialization started
20:10:39.073 [http-nio-9000-exec-1] INFO  o.s.web.servlet.DispatcherServlet - FrameworkServlet 'dispatcherServlet': initialization completed in 25 ms
20:10:39.276 [hystrix-ProductService-1] INFO  o.s.c.a.AnnotationConfigApplicationContext - Refreshing org.springframework.context.annotation.AnnotationConfigApplicationContext@2c77322e: startup date [Fri Jan 12 20:10:39 CST 2018]; parent: org.springframework.boot.context.embedded.AnnotationConfigEmbeddedWebApplicationContext@74bada02
20:10:39.309 [hystrix-ProductService-1] INFO  o.s.b.f.a.AutowiredAnnotationBeanPostProcessor - JSR-330 'javax.inject.Inject' annotation found and supported for autowiring
20:10:39.419 [hystrix-ProductService-1] INFO  c.n.config.ChainedDynamicProperty - Flipping property: e-book-product.ribbon.ActiveConnectionsLimit to use NEXT property: niws.loadbalancer.availabilityFilteringRule.activeConnectionsLimit = 2147483647
20:10:39.430 [hystrix-ProductService-1] INFO  c.n.u.c.ShutdownEnabledTimer - Shutdown hook installed for: NFLoadBalancer-PingTimer-e-book-product
20:10:39.447 [hystrix-ProductService-1] INFO  c.n.loadbalancer.BaseLoadBalancer - Client: e-book-product instantiated a LoadBalancer: DynamicServerListLoadBalancer:{NFLoadBalancer:name=e-book-product,current list of Servers=[],Load balancer stats=Zone stats: {},Server stats: []}ServerList:null
20:10:39.452 [hystrix-ProductService-1] INFO  c.n.l.DynamicServerListLoadBalancer - Using serverListUpdater PollingServerListUpdater
20:10:39.455 [hystrix-ProductService-1] INFO  c.n.l.DynamicServerListLoadBalancer - DynamicServerListLoadBalancer for client e-book-product initialized: DynamicServerListLoadBalancer:{NFLoadBalancer:name=e-book-product,current list of Servers=[],Load balancer stats=Zone stats: {},Server stats: []}ServerList:org.springframework.cloud.netflix.ribbon.eureka.DomainExtractingServerList@5f7eeacc
21:57:06.038 [main] INFO  o.s.c.a.AnnotationConfigApplicationContext - Refreshing org.springframework.context.annotation.AnnotationConfigApplicationContext@79924b: startup date [Fri Jan 12 21:57:06 CST 2018]; root of context hierarchy
21:57:06.255 [main] INFO  o.s.b.f.a.AutowiredAnnotationBeanPostProcessor - JSR-330 'javax.inject.Inject' annotation found and supported for autowiring
21:57:06.281 [main] INFO  o.s.c.s.PostProcessorRegistrationDelegate$BeanPostProcessorChecker - Bean 'configurationPropertiesRebinderAutoConfiguration' of type [org.springframework.cloud.autoconfigure.ConfigurationPropertiesRebinderAutoConfiguration$$EnhancerBySpringCGLIB$$8ddf195d] is not eligible for getting processed by all BeanPostProcessors (for example: not eligible for auto-proxying)
21:57:06.283 [background-preinit] INFO  o.h.validator.internal.util.Version - HV000001: Hibernate Validator 5.3.6.Final
21:57:06.565 [main] INFO  c.k.e.consumer.ConsumerApplication - No active profile set, falling back to default profiles: default
21:57:06.577 [main] INFO  o.s.b.c.e.AnnotationConfigEmbeddedWebApplicationContext - Refreshing org.springframework.boot.context.embedded.AnnotationConfigEmbeddedWebApplicationContext@4b14918a: startup date [Fri Jan 12 21:57:06 CST 2018]; parent: org.springframework.context.annotation.AnnotationConfigApplicationContext@79924b
21:57:07.089 [main] INFO  o.s.cloud.context.scope.GenericScope - BeanFactory id=977254ee-5234-3c80-95cc-a9ca4c2a2e5e
21:57:07.104 [main] INFO  o.s.b.f.a.AutowiredAnnotationBeanPostProcessor - JSR-330 'javax.inject.Inject' annotation found and supported for autowiring
21:57:07.203 [main] INFO  o.s.c.s.PostProcessorRegistrationDelegate$BeanPostProcessorChecker - Bean 'org.springframework.cloud.autoconfigure.ConfigurationPropertiesRebinderAutoConfiguration' of type [org.springframework.cloud.autoconfigure.ConfigurationPropertiesRebinderAutoConfiguration$$EnhancerBySpringCGLIB$$8ddf195d] is not eligible for getting processed by all BeanPostProcessors (for example: not eligible for auto-proxying)
21:57:07.544 [main] INFO  o.s.b.c.e.t.TomcatEmbeddedServletContainer - Tomcat initialized with port(s): 9000 (http)
21:57:07.552 [main] INFO  o.a.catalina.core.StandardService - Starting service [Tomcat]
21:57:07.553 [main] INFO  o.a.catalina.core.StandardEngine - Starting Servlet Engine: Apache Tomcat/8.5.23
21:57:07.634 [localhost-startStop-1] INFO  o.a.c.c.C.[Tomcat].[localhost].[/] - Initializing Spring embedded WebApplicationContext
21:57:07.635 [localhost-startStop-1] INFO  o.s.web.context.ContextLoader - Root WebApplicationContext: initialization completed in 1058 ms
21:57:07.772 [localhost-startStop-1] INFO  o.s.b.w.s.ServletRegistrationBean - Mapping servlet: 'dispatcherServlet' to [/]
21:57:07.775 [localhost-startStop-1] INFO  o.s.b.w.s.FilterRegistrationBean - Mapping filter: 'characterEncodingFilter' to: [/*]
21:57:07.775 [localhost-startStop-1] INFO  o.s.b.w.s.FilterRegistrationBean - Mapping filter: 'hiddenHttpMethodFilter' to: [/*]
21:57:07.775 [localhost-startStop-1] INFO  o.s.b.w.s.FilterRegistrationBean - Mapping filter: 'httpPutFormContentFilter' to: [/*]
21:57:07.775 [localhost-startStop-1] INFO  o.s.b.w.s.FilterRegistrationBean - Mapping filter: 'requestContextFilter' to: [/*]
21:57:08.098 [main] WARN  c.n.c.sources.URLConfigurationSource - No URLs will be polled as dynamic configuration sources.
21:57:08.099 [main] INFO  c.n.c.sources.URLConfigurationSource - To enable URLs as dynamic configuration sources, define System property archaius.configurationSource.additionalUrls or make config.properties available on classpath.
21:57:08.105 [main] WARN  c.n.c.sources.URLConfigurationSource - No URLs will be polled as dynamic configuration sources.
21:57:08.105 [main] INFO  c.n.c.sources.URLConfigurationSource - To enable URLs as dynamic configuration sources, define System property archaius.configurationSource.additionalUrls or make config.properties available on classpath.
21:57:08.285 [main] INFO  o.s.w.s.m.m.a.RequestMappingHandlerAdapter - Looking for @ControllerAdvice: org.springframework.boot.context.embedded.AnnotationConfigEmbeddedWebApplicationContext@4b14918a: startup date [Fri Jan 12 21:57:06 CST 2018]; parent: org.springframework.context.annotation.AnnotationConfigApplicationContext@79924b
21:57:08.339 [main] INFO  o.s.w.s.m.m.a.RequestMappingHandlerMapping - Mapped "{[/list],methods=[GET]}" onto public java.util.List<com.konghao.eureka.consumer.domain.Product> com.konghao.eureka.consumer.controller.ProductController.listProduct()
21:57:08.342 [main] INFO  o.s.w.s.m.m.a.RequestMappingHandlerMapping - Mapped "{[/error]}" onto public org.springframework.http.ResponseEntity<java.util.Map<java.lang.String, java.lang.Object>> org.springframework.boot.autoconfigure.web.BasicErrorController.error(javax.servlet.http.HttpServletRequest)
21:57:08.342 [main] INFO  o.s.w.s.m.m.a.RequestMappingHandlerMapping - Mapped "{[/error],produces=[text/html]}" onto public org.springframework.web.servlet.ModelAndView org.springframework.boot.autoconfigure.web.BasicErrorController.errorHtml(javax.servlet.http.HttpServletRequest,javax.servlet.http.HttpServletResponse)
21:57:08.372 [main] INFO  o.s.w.s.h.SimpleUrlHandlerMapping - Mapped URL path [/webjars/**] onto handler of type [class org.springframework.web.servlet.resource.ResourceHttpRequestHandler]
21:57:08.372 [main] INFO  o.s.w.s.h.SimpleUrlHandlerMapping - Mapped URL path [/**] onto handler of type [class org.springframework.web.servlet.resource.ResourceHttpRequestHandler]
21:57:08.407 [main] INFO  o.s.w.s.h.SimpleUrlHandlerMapping - Mapped URL path [/**/favicon.ico] onto handler of type [class org.springframework.web.servlet.resource.ResourceHttpRequestHandler]
21:57:08.727 [main] INFO  o.s.j.e.a.AnnotationMBeanExporter - Registering beans for JMX exposure on startup
21:57:08.733 [main] INFO  o.s.j.e.a.AnnotationMBeanExporter - Bean with name 'environmentManager' has been autodetected for JMX exposure
21:57:08.735 [main] INFO  o.s.j.e.a.AnnotationMBeanExporter - Bean with name 'configurationPropertiesRebinder' has been autodetected for JMX exposure
21:57:08.736 [main] INFO  o.s.j.e.a.AnnotationMBeanExporter - Bean with name 'refreshScope' has been autodetected for JMX exposure
21:57:08.736 [main] INFO  o.s.j.e.a.AnnotationMBeanExporter - Located managed bean 'environmentManager': registering with JMX server as MBean [org.springframework.cloud.context.environment:name=environmentManager,type=EnvironmentManager]
21:57:08.743 [main] INFO  o.s.j.e.a.AnnotationMBeanExporter - Located managed bean 'refreshScope': registering with JMX server as MBean [org.springframework.cloud.context.scope.refresh:name=refreshScope,type=RefreshScope]
21:57:08.748 [main] INFO  o.s.j.e.a.AnnotationMBeanExporter - Located managed bean 'configurationPropertiesRebinder': registering with JMX server as MBean [org.springframework.cloud.context.properties:name=configurationPropertiesRebinder,context=4b14918a,type=ConfigurationPropertiesRebinder]
21:57:08.800 [main] INFO  o.s.c.s.DefaultLifecycleProcessor - Starting beans in phase 0
21:57:08.807 [main] INFO  o.s.c.n.eureka.InstanceInfoFactory - Setting initial instance status as: STARTING
21:57:08.841 [main] INFO  c.netflix.discovery.DiscoveryClient - Initializing Eureka in region us-east-1
21:57:09.052 [main] INFO  c.n.d.p.DiscoveryJerseyProvider - Using JSON encoding codec LegacyJacksonJson
21:57:09.052 [main] INFO  c.n.d.p.DiscoveryJerseyProvider - Using JSON decoding codec LegacyJacksonJson
21:57:09.141 [main] INFO  c.n.d.p.DiscoveryJerseyProvider - Using XML encoding codec XStreamXml
21:57:09.141 [main] INFO  c.n.d.p.DiscoveryJerseyProvider - Using XML decoding codec XStreamXml
21:57:09.313 [main] INFO  c.n.d.s.r.aws.ConfigClusterResolver - Resolving eureka endpoints via configuration
21:57:09.364 [main] INFO  c.netflix.discovery.DiscoveryClient - Disable delta property : false
21:57:09.364 [main] INFO  c.netflix.discovery.DiscoveryClient - Single vip registry refresh property : null
21:57:09.364 [main] INFO  c.netflix.discovery.DiscoveryClient - Force full registry fetch : false
21:57:09.364 [main] INFO  c.netflix.discovery.DiscoveryClient - Application is null : false
21:57:09.364 [main] INFO  c.netflix.discovery.DiscoveryClient - Registered Applications size is zero : true
21:57:09.364 [main] INFO  c.netflix.discovery.DiscoveryClient - Application version is -1: true
21:57:09.364 [main] INFO  c.netflix.discovery.DiscoveryClient - Getting all instance registry info from the eureka server
21:57:09.529 [main] INFO  c.netflix.discovery.DiscoveryClient - The response status is 200
21:57:09.532 [main] INFO  c.netflix.discovery.DiscoveryClient - Starting heartbeat executor: renew interval is: 30
21:57:09.536 [main] INFO  c.n.discovery.InstanceInfoReplicator - InstanceInfoReplicator onDemand update allowed rate per min is 4
21:57:09.539 [main] INFO  c.netflix.discovery.DiscoveryClient - Discovery Client initialized at timestamp 1515765429539 with initial instances count: 14
21:57:09.564 [main] INFO  o.s.c.n.e.s.EurekaServiceRegistry - Registering application e-book-consumer-hystrix with eureka with status UP
21:57:09.564 [main] INFO  c.netflix.discovery.DiscoveryClient - Saw local status change event StatusChangeEvent [timestamp=1515765429564, current=UP, previous=STARTING]
21:57:09.567 [DiscoveryClient-InstanceInfoReplicator-0] INFO  c.netflix.discovery.DiscoveryClient - DiscoveryClient_E-BOOK-CONSUMER-HYSTRIX/DESKTOP-CCLRIAF:e-book-consumer-hystrix:9000: registering service...
21:57:09.577 [main] INFO  o.a.coyote.http11.Http11NioProtocol - Initializing ProtocolHandler ["http-nio-9000"]
21:57:09.586 [main] INFO  o.a.coyote.http11.Http11NioProtocol - Starting ProtocolHandler ["http-nio-9000"]
21:57:09.594 [DiscoveryClient-InstanceInfoReplicator-0] INFO  c.netflix.discovery.DiscoveryClient - DiscoveryClient_E-BOOK-CONSUMER-HYSTRIX/DESKTOP-CCLRIAF:e-book-consumer-hystrix:9000 - registration status: 204
21:57:09.596 [main] INFO  o.a.tomcat.util.net.NioSelectorPool - Using a shared selector for servlet write/read
21:57:09.611 [main] INFO  o.s.b.c.e.t.TomcatEmbeddedServletContainer - Tomcat started on port(s): 9000 (http)
21:57:09.612 [main] INFO  o.s.c.n.e.s.EurekaAutoServiceRegistration - Updating port to 9000
21:57:09.615 [main] INFO  c.k.e.consumer.ConsumerApplication - Started ConsumerApplication in 3.862 seconds (JVM running for 4.218)
22:02:09.365 [AsyncResolver-bootstrap-executor-0] INFO  c.n.d.s.r.aws.ConfigClusterResolver - Resolving eureka endpoints via configuration
22:07:09.367 [AsyncResolver-bootstrap-executor-0] INFO  c.n.d.s.r.aws.ConfigClusterResolver - Resolving eureka endpoints via configuration
